[0.074s] Invoking command in '/home/ubuntu/Desktop/collaborative/collaborative-robotics/build/locobot_autonomy': AMENT_PREFIX_PATH=/home/ubuntu/Desktop/collaborative/collaborative-robotics/install/la_msgs:${AMENT_PREFIX_PATH} CMAKE_PREFIX_PATH=/home/ubuntu/Desktop/collaborative/collaborative-robotics/install/la_msgs:/dev_ws/install/moveit_visual_tools:/dev_ws/install/interbotix_xslocobot_moveit:/dev_ws/install/interbotix_xslocobot_ros_control:/dev_ws/install/interbotix_xslocobot_sim:/dev_ws/install/interbotix_xslocobot_nav:/dev_ws/install/interbotix_xslocobot_joy:/dev_ws/install/interbotix_xslocobot_control:/dev_ws/install/interbotix_xslocobot_descriptions:/dev_ws/install/interbotix_xs_toolbox:/dev_ws/install/interbotix_xs_rviz:/dev_ws/install/interbotix_ros_xseries:/dev_ws/install/interbotix_xs_sdk:/dev_ws/install/interbotix_xs_ros_control:/dev_ws/install/interbotix_common_toolbox:/dev_ws/install/interbotix_gravity_compensation:/dev_ws/install/interbotix_xs_msgs:/dev_ws/install/interbotix_xs_driver:/dev_ws/install/interbotix_tf_tools:/dev_ws/install/interbotix_common_sim:/dev_ws/install/dynamixel_workbench_toolbox:/dev_ws/install/interbotix_xs_modules:/dev_ws/install/interbotix_common_modules:/opt/ros/humble LD_LIBRARY_PATH=/home/ubuntu/Desktop/collaborative/collaborative-robotics/install/la_msgs/lib:/dev_ws/install/moveit_visual_tools/lib:/dev_ws/install/interbotix_xs_rviz/lib:/dev_ws/install/interbotix_xs_ros_control/lib:/dev_ws/install/interbotix_xs_msgs/lib:/dev_ws/install/interbotix_xs_driver/lib:/dev_ws/install/interbotix_tf_tools/lib:/dev_ws/install/dynamixel_workbench_toolbox/lib:/usr/lib/x86_64-linux-gnu/gazebo-11/plugins:/opt/ros/humble/opt/rviz_ogre_vendor/lib:/opt/ros/humble/lib/x86_64-linux-gnu:/opt/ros/humble/lib:/usr/share/gazebo/../../lib/x86_64-linux-gnu/gazebo-11/plugins PYTHONPATH=/home/ubuntu/Desktop/collaborative/collaborative-robotics/install/la_msgs/local/lib/python3.10/dist-packages:${PYTHONPATH} /usr/bin/cmake /home/ubuntu/Desktop/collaborative/collaborative-robotics/ros/collab_ws/src/collaborative_robotics_course/locobot_autonomy -DCMAKE_INSTALL_PREFIX=/home/ubuntu/Desktop/collaborative/collaborative-robotics/install/locobot_autonomy
[0.524s] -- The C compiler identification is GNU 11.4.0
[0.835s] -- The CXX compiler identification is GNU 11.4.0
[0.865s] -- Detecting C compiler ABI info
[1.414s] -- Detecting C compiler ABI info - done
[1.431s] -- Check for working C compiler: /usr/bin/cc - skipped
[1.432s] -- Detecting C compile features
[1.432s] -- Detecting C compile features - done
[1.436s] -- Detecting CXX compiler ABI info
[1.939s] -- Detecting CXX compiler ABI info - done
[1.956s] -- Check for working CXX compiler: /usr/bin/c++ - skipped
[1.956s] -- Detecting CXX compile features
[1.956s] -- Detecting CXX compile features - done
[1.968s] -- Found ament_cmake: 1.3.11 (/opt/ros/humble/share/ament_cmake/cmake)
[2.585s] -- Found Python3: /usr/bin/python3 (found version "3.10.12") found components: Interpreter 
[2.813s] -- Found rclcpp: 16.0.11 (/opt/ros/humble/share/rclcpp/cmake)
[2.886s] -- Found rosidl_generator_c: 3.1.6 (/opt/ros/humble/share/rosidl_generator_c/cmake)
[2.898s] -- Found rosidl_adapter: 3.1.6 (/opt/ros/humble/share/rosidl_adapter/cmake)
[2.911s] -- Found rosidl_generator_cpp: 3.1.6 (/opt/ros/humble/share/rosidl_generator_cpp/cmake)
[2.925s] -- Using all available rosidl_typesupport_c: rosidl_typesupport_fastrtps_c;rosidl_typesupport_introspection_c
[2.948s] -- Using all available rosidl_typesupport_cpp: rosidl_typesupport_fastrtps_cpp;rosidl_typesupport_introspection_cpp
[3.017s] -- Found rmw_implementation_cmake: 6.1.2 (/opt/ros/humble/share/rmw_implementation_cmake/cmake)
[3.024s] -- Found rmw_fastrtps_cpp: 6.2.7 (/opt/ros/humble/share/rmw_fastrtps_cpp/cmake)
[3.446s] -- Found OpenSSL: /usr/lib/x86_64-linux-gnu/libcrypto.so (found version "3.0.2")  
[3.489s] -- Found FastRTPS: /opt/ros/humble/include  
[3.560s] -- Using RMW implementation 'rmw_fastrtps_cpp' as default
[3.580s] -- Looking for pthread.h
[4.079s] -- Looking for pthread.h - found
[4.080s] -- Performing Test CMAKE_HAVE_LIBC_PTHREAD
[4.593s] -- Performing Test CMAKE_HAVE_LIBC_PTHREAD - Success
[4.594s] -- Found Threads: TRUE  
[4.659s] -- Found rclpy: 3.3.15 (/opt/ros/humble/share/rclpy/cmake)
[4.667s] -- Found geometry_msgs: 4.2.4 (/opt/ros/humble/share/geometry_msgs/cmake)
[4.681s] -- Found nav_msgs: 4.2.4 (/opt/ros/humble/share/nav_msgs/cmake)
[4.704s] -- Found visualization_msgs: 4.2.4 (/opt/ros/humble/share/visualization_msgs/cmake)
[4.751s] -- Found rosidl_default_generators: 1.2.0 (/opt/ros/humble/share/rosidl_default_generators/cmake)
[4.765s] -- Found action_msgs: 1.2.1 (/opt/ros/humble/share/action_msgs/cmake)
[4.796s] -- Found tf2: 0.25.9 (/opt/ros/humble/share/tf2/cmake)
[4.814s] -- Found tf2_ros: 0.25.9 (/opt/ros/humble/share/tf2_ros/cmake)
[4.903s] -- Found tf2_eigen: 0.25.9 (/opt/ros/humble/share/tf2_eigen/cmake)
[4.919s] -- Found tf2_geometry_msgs: 0.25.9 (/opt/ros/humble/share/tf2_geometry_msgs/cmake)
[4.934s] -- Found eigen3_cmake_module: 0.1.1 (/opt/ros/humble/share/eigen3_cmake_module/cmake)
[4.937s] -- Found Eigen3: TRUE (found version "3.4.0") 
[4.937s] -- Ensuring Eigen3 include directory is part of orocos-kdl CMake target
[4.948s] -- Found OpenCV: /usr (found version "4.5.4") 
[4.953s] -- Found pcl_ros: 2.4.5 (/opt/ros/humble/share/pcl_ros/cmake)
[5.024s] -- Checking for module 'eigen3'
[5.124s] --   Found eigen3, version 3.4.0
[5.380s] -- Found Eigen: /usr/include/eigen3 (Required is at least version "3.1") 
[5.380s] -- Eigen found (include: /usr/include/eigen3, version: 3.4.0)
[5.456s] -- Checking for module 'flann'
[5.557s] --   Found flann, version 1.9.1
[5.821s] -- Found FLANN: /usr/lib/x86_64-linux-gnu/libflann_cpp.so  
[5.821s] -- FLANN found (include: /usr/include, lib: /usr/lib/x86_64-linux-gnu/libflann_cpp.so)
[11.102s] -- Checking for module 'libusb-1.0'
[11.198s] --   Found libusb-1.0, version 1.0.25
[11.457s] -- Found libusb: /usr/lib/x86_64-linux-gnu/libusb-1.0.so  
[11.458s] -- OpenNI found (version: 1.5.4.0, include: /usr/include/ni, lib: /usr/lib/libOpenNI.so;libusb::libusb)
[11.831s] -- OpenNI2 found (version: 2.2.0.33, include: /usr/include/openni2, lib: /usr/lib/x86_64-linux-gnu/libOpenNI2.so;libusb::libusb)
[12.044s] -- Eigen found (include: /usr/include/eigen3, version: 3.4.0)
[12.062s] -- OpenNI found (version: 1.5.4.0, include: /usr/include/ni, lib: /usr/lib/libOpenNI.so;libusb::libusb)
[12.080s] -- OpenNI2 found (version: 2.2.0.33, include: /usr/include/openni2, lib: /usr/lib/x86_64-linux-gnu/libOpenNI2.so;libusb::libusb)
[12.278s] -- Found Qhull version 8.0.2
[12.494s] -- OpenNI found (version: 1.5.4.0, include: /usr/include/ni, lib: /usr/lib/libOpenNI.so;libusb::libusb)
[12.688s] -- Found PCL_COMMON: /usr/lib/x86_64-linux-gnu/libpcl_common.so  
[12.689s] -- Found PCL_KDTREE: /usr/lib/x86_64-linux-gnu/libpcl_kdtree.so  
[12.690s] -- Found PCL_OCTREE: /usr/lib/x86_64-linux-gnu/libpcl_octree.so  
[12.691s] -- Found PCL_SEARCH: /usr/lib/x86_64-linux-gnu/libpcl_search.so  
[12.692s] -- Found PCL_SAMPLE_CONSENSUS: /usr/lib/x86_64-linux-gnu/libpcl_sample_consensus.so  
[12.693s] -- Found PCL_FILTERS: /usr/lib/x86_64-linux-gnu/libpcl_filters.so  
[12.694s] -- Found PCL_2D: /usr/include/pcl-1.12  
[12.694s] -- Found PCL_GEOMETRY: /usr/include/pcl-1.12  
[12.695s] -- Found PCL_IO: /usr/lib/x86_64-linux-gnu/libpcl_io.so  
[12.696s] -- Found PCL_FEATURES: /usr/lib/x86_64-linux-gnu/libpcl_features.so  
[12.697s] -- Found PCL_ML: /usr/lib/x86_64-linux-gnu/libpcl_ml.so  
[12.698s] -- Found PCL_SEGMENTATION: /usr/lib/x86_64-linux-gnu/libpcl_segmentation.so  
[12.699s] -- Found PCL_VISUALIZATION: /usr/lib/x86_64-linux-gnu/libpcl_visualization.so  
[12.700s] -- Found PCL_SURFACE: /usr/lib/x86_64-linux-gnu/libpcl_surface.so  
[12.700s] -- Found PCL_REGISTRATION: /usr/lib/x86_64-linux-gnu/libpcl_registration.so  
[12.701s] -- Found PCL_KEYPOINTS: /usr/lib/x86_64-linux-gnu/libpcl_keypoints.so  
[12.702s] -- Found PCL_TRACKING: /usr/lib/x86_64-linux-gnu/libpcl_tracking.so  
[12.703s] -- Found PCL_RECOGNITION: /usr/lib/x86_64-linux-gnu/libpcl_recognition.so  
[12.704s] -- Found PCL_STEREO: /usr/lib/x86_64-linux-gnu/libpcl_stereo.so  
[12.705s] -- Found PCL_APPS: /usr/lib/x86_64-linux-gnu/libpcl_apps.so  
[12.706s] -- Found PCL_IN_HAND_SCANNER: /usr/include/pcl-1.12  
[12.706s] -- Found PCL_MODELER: /usr/include/pcl-1.12  
[12.707s] -- Found PCL_POINT_CLOUD_EDITOR: /usr/include/pcl-1.12  
[12.708s] -- Found PCL_OUTOFCORE: /usr/lib/x86_64-linux-gnu/libpcl_outofcore.so  
[12.709s] -- Found PCL_PEOPLE: /usr/lib/x86_64-linux-gnu/libpcl_people.so  
[12.726s] -- Found image_geometry: 3.2.1 (/opt/ros/humble/share/image_geometry/cmake)
[12.733s] -- Found image_transport: 3.1.10 (/opt/ros/humble/share/image_transport/cmake)
[12.768s] -- Found cv_bridge: 3.2.1 (/opt/ros/humble/share/cv_bridge/cmake)
[12.774s] -- Found la_msgs: 0.0.0 (/home/ubuntu/Desktop/collaborative/collaborative-robotics/install/la_msgs/share/la_msgs/cmake)
[13.607s] -- Found ament_cmake_ros: 0.10.0 (/opt/ros/humble/share/ament_cmake_ros/cmake)
[14.854s] -- Using all available rosidl_typesupport_c: rosidl_typesupport_fastrtps_c;rosidl_typesupport_introspection_c
[15.347s] -- Using all available rosidl_typesupport_cpp: rosidl_typesupport_fastrtps_cpp;rosidl_typesupport_introspection_cpp
[15.441s] -- Found PythonInterp: /usr/bin/python3 (found suitable version "3.10.12", minimum required is "3.6") 
[15.446s] -- Found python_cmake_module: 0.10.0 (/opt/ros/humble/share/python_cmake_module/cmake)
[15.543s] -- Found PythonLibs: /usr/lib/x86_64-linux-gnu/libpython3.10.so (found suitable version "3.10.12", minimum required is "3.5") 
[15.547s] -- Using PYTHON_EXECUTABLE: /usr/bin/python3
[15.548s] -- Using PYTHON_INCLUDE_DIRS: /usr/include/python3.10
[15.548s] -- Using PYTHON_LIBRARIES: /usr/lib/x86_64-linux-gnu/libpython3.10.so
[15.635s] -- Found PythonExtra: .so  
[15.810s] -- Found ament_lint_auto: 0.12.11 (/opt/ros/humble/share/ament_lint_auto/cmake)
[15.876s] -- Added test 'copyright' to check source files copyright and LICENSE
[15.891s] -- Added test 'cppcheck' to perform static code analysis on C / C++ code
[15.892s] -- Configured cppcheck include dirs: 
[15.892s] -- Configured cppcheck exclude dirs and/or files: 
[15.903s] -- Added test 'cpplint' to check C / C++ code against the Google style
[15.903s] -- Configured cpplint exclude dirs and/or files: 
[15.906s] -- Added test 'flake8' to check Python code syntax and style conventions
[15.910s] -- Added test 'lint_cmake' to check CMake code style
[15.913s] -- Added test 'pep257' to check Python code against some of the docstring style conventions in PEP 257
[15.926s] -- Added test 'uncrustify' to check C / C++ code style
[15.926s] -- Configured uncrustify additional arguments: 
[15.928s] -- Added test 'xmllint' to check XML markup files
[15.946s] -- Configuring done
[16.108s] -- Generating done
[16.161s] -- Build files have been written to: /home/ubuntu/Desktop/collaborative/collaborative-robotics/build/locobot_autonomy
[16.179s] Invoked command in '/home/ubuntu/Desktop/collaborative/collaborative-robotics/build/locobot_autonomy' returned '0': AMENT_PREFIX_PATH=/home/ubuntu/Desktop/collaborative/collaborative-robotics/install/la_msgs:${AMENT_PREFIX_PATH} CMAKE_PREFIX_PATH=/home/ubuntu/Desktop/collaborative/collaborative-robotics/install/la_msgs:/dev_ws/install/moveit_visual_tools:/dev_ws/install/interbotix_xslocobot_moveit:/dev_ws/install/interbotix_xslocobot_ros_control:/dev_ws/install/interbotix_xslocobot_sim:/dev_ws/install/interbotix_xslocobot_nav:/dev_ws/install/interbotix_xslocobot_joy:/dev_ws/install/interbotix_xslocobot_control:/dev_ws/install/interbotix_xslocobot_descriptions:/dev_ws/install/interbotix_xs_toolbox:/dev_ws/install/interbotix_xs_rviz:/dev_ws/install/interbotix_ros_xseries:/dev_ws/install/interbotix_xs_sdk:/dev_ws/install/interbotix_xs_ros_control:/dev_ws/install/interbotix_common_toolbox:/dev_ws/install/interbotix_gravity_compensation:/dev_ws/install/interbotix_xs_msgs:/dev_ws/install/interbotix_xs_driver:/dev_ws/install/interbotix_tf_tools:/dev_ws/install/interbotix_common_sim:/dev_ws/install/dynamixel_workbench_toolbox:/dev_ws/install/interbotix_xs_modules:/dev_ws/install/interbotix_common_modules:/opt/ros/humble LD_LIBRARY_PATH=/home/ubuntu/Desktop/collaborative/collaborative-robotics/install/la_msgs/lib:/dev_ws/install/moveit_visual_tools/lib:/dev_ws/install/interbotix_xs_rviz/lib:/dev_ws/install/interbotix_xs_ros_control/lib:/dev_ws/install/interbotix_xs_msgs/lib:/dev_ws/install/interbotix_xs_driver/lib:/dev_ws/install/interbotix_tf_tools/lib:/dev_ws/install/dynamixel_workbench_toolbox/lib:/usr/lib/x86_64-linux-gnu/gazebo-11/plugins:/opt/ros/humble/opt/rviz_ogre_vendor/lib:/opt/ros/humble/lib/x86_64-linux-gnu:/opt/ros/humble/lib:/usr/share/gazebo/../../lib/x86_64-linux-gnu/gazebo-11/plugins PYTHONPATH=/home/ubuntu/Desktop/collaborative/collaborative-robotics/install/la_msgs/local/lib/python3.10/dist-packages:${PYTHONPATH} /usr/bin/cmake /home/ubuntu/Desktop/collaborative/collaborative-robotics/ros/collab_ws/src/collaborative_robotics_course/locobot_autonomy -DCMAKE_INSTALL_PREFIX=/home/ubuntu/Desktop/collaborative/collaborative-robotics/install/locobot_autonomy
[16.185s] Invoking command in '/home/ubuntu/Desktop/collaborative/collaborative-robotics/build/locobot_autonomy': AMENT_PREFIX_PATH=/home/ubuntu/Desktop/collaborative/collaborative-robotics/install/la_msgs:${AMENT_PREFIX_PATH} CMAKE_PREFIX_PATH=/home/ubuntu/Desktop/collaborative/collaborative-robotics/install/la_msgs:/dev_ws/install/moveit_visual_tools:/dev_ws/install/interbotix_xslocobot_moveit:/dev_ws/install/interbotix_xslocobot_ros_control:/dev_ws/install/interbotix_xslocobot_sim:/dev_ws/install/interbotix_xslocobot_nav:/dev_ws/install/interbotix_xslocobot_joy:/dev_ws/install/interbotix_xslocobot_control:/dev_ws/install/interbotix_xslocobot_descriptions:/dev_ws/install/interbotix_xs_toolbox:/dev_ws/install/interbotix_xs_rviz:/dev_ws/install/interbotix_ros_xseries:/dev_ws/install/interbotix_xs_sdk:/dev_ws/install/interbotix_xs_ros_control:/dev_ws/install/interbotix_common_toolbox:/dev_ws/install/interbotix_gravity_compensation:/dev_ws/install/interbotix_xs_msgs:/dev_ws/install/interbotix_xs_driver:/dev_ws/install/interbotix_tf_tools:/dev_ws/install/interbotix_common_sim:/dev_ws/install/dynamixel_workbench_toolbox:/dev_ws/install/interbotix_xs_modules:/dev_ws/install/interbotix_common_modules:/opt/ros/humble LD_LIBRARY_PATH=/home/ubuntu/Desktop/collaborative/collaborative-robotics/install/la_msgs/lib:/dev_ws/install/moveit_visual_tools/lib:/dev_ws/install/interbotix_xs_rviz/lib:/dev_ws/install/interbotix_xs_ros_control/lib:/dev_ws/install/interbotix_xs_msgs/lib:/dev_ws/install/interbotix_xs_driver/lib:/dev_ws/install/interbotix_tf_tools/lib:/dev_ws/install/dynamixel_workbench_toolbox/lib:/usr/lib/x86_64-linux-gnu/gazebo-11/plugins:/opt/ros/humble/opt/rviz_ogre_vendor/lib:/opt/ros/humble/lib/x86_64-linux-gnu:/opt/ros/humble/lib:/usr/share/gazebo/../../lib/x86_64-linux-gnu/gazebo-11/plugins PYTHONPATH=/home/ubuntu/Desktop/collaborative/collaborative-robotics/install/la_msgs/local/lib/python3.10/dist-packages:${PYTHONPATH} /usr/bin/cmake --build /home/ubuntu/Desktop/collaborative/collaborative-robotics/build/locobot_autonomy -- -j8 -l8
[16.525s] [  3%] [34m[1mGenerating C code for ROS interfaces[0m
[16.634s] [  6%] [34m[1mGenerating C++ code for ROS interfaces[0m
[16.681s] [  6%] Built target ament_cmake_python_copy_locobot_autonomy
[17.177s] running egg_info
[17.179s] creating locobot_autonomy.egg-info
[17.179s] writing locobot_autonomy.egg-info/PKG-INFO
[17.180s] writing dependency_links to locobot_autonomy.egg-info/dependency_links.txt
[17.182s] writing top-level names to locobot_autonomy.egg-info/top_level.txt
[17.187s] writing manifest file 'locobot_autonomy.egg-info/SOURCES.txt'
[17.197s] reading manifest file 'locobot_autonomy.egg-info/SOURCES.txt'
[17.205s] writing manifest file 'locobot_autonomy.egg-info/SOURCES.txt'
[17.286s] [  9%] [32mBuilding C object CMakeFiles/locobot_autonomy__rosidl_generator_c.dir/rosidl_generator_c/locobot_autonomy/action/detail/move_base__functions.c.o[0m
[17.290s] [  9%] Built target locobot_autonomy__cpp
[17.298s] [  9%] Built target ament_cmake_python_build_locobot_autonomy_egg
[17.401s] [ 19%] [34m[1mGenerating C++ introspection for ROS interfaces[0m
[17.402s] [ 19%] [34m[1mGenerating C++ type support dispatch for ROS interfaces[0m
[17.402s] [ 19%] [34m[1mGenerating C++ type support for eProsima Fast-RTPS[0m
[17.733s] [ 22%] [32m[1mLinking C shared library liblocobot_autonomy__rosidl_generator_c.so[0m
[17.931s] [ 25%] [32mBuilding CXX object CMakeFiles/locobot_autonomy__rosidl_typesupport_cpp.dir/rosidl_typesupport_cpp/locobot_autonomy/action/move_base__type_support.cpp.o[0m
[18.007s] [ 25%] Built target locobot_autonomy__rosidl_generator_c
[18.072s] [ 29%] [32mBuilding CXX object CMakeFiles/locobot_autonomy__rosidl_typesupport_introspection_cpp.dir/rosidl_typesupport_introspection_cpp/locobot_autonomy/action/detail/move_base__type_support.cpp.o[0m
[18.074s] gmake[2]: *** [CMakeFiles/locobot_autonomy__rosidl_typesupport_fastrtps_c.dir/build.make:148: rosidl_typesupport_fastrtps_c/locobot_autonomy/action/detail/move_base__rosidl_typesupport_fastrtps_c.h] Illegal instruction
[18.075s] gmake[1]: *** [CMakeFiles/Makefile2:238: CMakeFiles/locobot_autonomy__rosidl_typesupport_fastrtps_c.dir/all] Error 2
[18.075s] gmake[1]: *** Waiting for unfinished jobs....
[18.102s] [ 32%] [32mBuilding CXX object CMakeFiles/locobot_autonomy__rosidl_typesupport_fastrtps_cpp.dir/rosidl_typesupport_fastrtps_cpp/locobot_autonomy/action/detail/dds_fastrtps/move_base__type_support.cpp.o[0m
[18.130s] [ 35%] [34m[1mGenerating C type support dispatch for ROS interfaces[0m
[18.134s] [ 38%] [34m[1mGenerating C introspection for ROS interfaces[0m
[18.732s] [ 41%] [32mBuilding CXX object CMakeFiles/locobot_autonomy__rosidl_typesupport_c.dir/rosidl_typesupport_c/locobot_autonomy/action/move_base__type_support.cpp.o[0m
[18.880s] [ 48%] [32m[1mLinking CXX shared library liblocobot_autonomy__rosidl_typesupport_cpp.so[0m
[18.882s] [ 48%] [32mBuilding C object CMakeFiles/locobot_autonomy__rosidl_typesupport_introspection_c.dir/rosidl_typesupport_introspection_c/locobot_autonomy/action/detail/move_base__type_support.c.o[0m
[19.204s] [ 51%] [32m[1mLinking CXX shared library liblocobot_autonomy__rosidl_typesupport_c.so[0m
[19.205s] [ 51%] Built target locobot_autonomy__rosidl_typesupport_cpp
[19.232s] [ 54%] [32m[1mLinking CXX shared library liblocobot_autonomy__rosidl_typesupport_fastrtps_cpp.so[0m
[19.244s] [ 58%] [32m[1mLinking CXX shared library liblocobot_autonomy__rosidl_typesupport_introspection_cpp.so[0m
[19.326s] [ 61%] [32m[1mLinking C shared library liblocobot_autonomy__rosidl_typesupport_introspection_c.so[0m
[19.459s] [ 61%] Built target locobot_autonomy__rosidl_typesupport_c
[19.514s] [ 61%] Built target locobot_autonomy__rosidl_typesupport_fastrtps_cpp
[19.522s] [ 61%] Built target locobot_autonomy__rosidl_typesupport_introspection_cpp
[19.567s] [ 61%] Built target locobot_autonomy__rosidl_typesupport_introspection_c
[19.570s] gmake: *** [Makefile:146: all] Error 2
[19.578s] Invoked command in '/home/ubuntu/Desktop/collaborative/collaborative-robotics/build/locobot_autonomy' returned '2': AMENT_PREFIX_PATH=/home/ubuntu/Desktop/collaborative/collaborative-robotics/install/la_msgs:${AMENT_PREFIX_PATH} CMAKE_PREFIX_PATH=/home/ubuntu/Desktop/collaborative/collaborative-robotics/install/la_msgs:/dev_ws/install/moveit_visual_tools:/dev_ws/install/interbotix_xslocobot_moveit:/dev_ws/install/interbotix_xslocobot_ros_control:/dev_ws/install/interbotix_xslocobot_sim:/dev_ws/install/interbotix_xslocobot_nav:/dev_ws/install/interbotix_xslocobot_joy:/dev_ws/install/interbotix_xslocobot_control:/dev_ws/install/interbotix_xslocobot_descriptions:/dev_ws/install/interbotix_xs_toolbox:/dev_ws/install/interbotix_xs_rviz:/dev_ws/install/interbotix_ros_xseries:/dev_ws/install/interbotix_xs_sdk:/dev_ws/install/interbotix_xs_ros_control:/dev_ws/install/interbotix_common_toolbox:/dev_ws/install/interbotix_gravity_compensation:/dev_ws/install/interbotix_xs_msgs:/dev_ws/install/interbotix_xs_driver:/dev_ws/install/interbotix_tf_tools:/dev_ws/install/interbotix_common_sim:/dev_ws/install/dynamixel_workbench_toolbox:/dev_ws/install/interbotix_xs_modules:/dev_ws/install/interbotix_common_modules:/opt/ros/humble LD_LIBRARY_PATH=/home/ubuntu/Desktop/collaborative/collaborative-robotics/install/la_msgs/lib:/dev_ws/install/moveit_visual_tools/lib:/dev_ws/install/interbotix_xs_rviz/lib:/dev_ws/install/interbotix_xs_ros_control/lib:/dev_ws/install/interbotix_xs_msgs/lib:/dev_ws/install/interbotix_xs_driver/lib:/dev_ws/install/interbotix_tf_tools/lib:/dev_ws/install/dynamixel_workbench_toolbox/lib:/usr/lib/x86_64-linux-gnu/gazebo-11/plugins:/opt/ros/humble/opt/rviz_ogre_vendor/lib:/opt/ros/humble/lib/x86_64-linux-gnu:/opt/ros/humble/lib:/usr/share/gazebo/../../lib/x86_64-linux-gnu/gazebo-11/plugins PYTHONPATH=/home/ubuntu/Desktop/collaborative/collaborative-robotics/install/la_msgs/local/lib/python3.10/dist-packages:${PYTHONPATH} /usr/bin/cmake --build /home/ubuntu/Desktop/collaborative/collaborative-robotics/build/locobot_autonomy -- -j8 -l8
